<?xml version="1.0" encoding="UTF-8"?>
<!-- Generated by org.testng.reporters.JUnitReportReporter -->
<testsuite hostname="WSAANAND2" name="workM.workTest.day1" tests="13" failures="0" timestamp="13 Sep 2018 16:50:21 GMT" time="3.172" errors="0">
  <testcase name="login" time="1.664" classname="workM.workTest.day1"/>
  <testcase name="login" time="0.117" classname="workM.workTest.day1"/>
  <testcase name="login" time="0.115" classname="workM.workTest.day1"/>
  <testcase name="login" time="0.137" classname="workM.workTest.day1"/>
  <testcase name="login" time="0.116" classname="workM.workTest.day1"/>
  <testcase name="login" time="0.117" classname="workM.workTest.day1"/>
  <testcase name="login" time="0.116" classname="workM.workTest.day1"/>
  <testcase name="login" time="0.136" classname="workM.workTest.day1"/>
  <testcase name="login" time="0.135" classname="workM.workTest.day1"/>
  <testcase name="login" time="0.135" classname="workM.workTest.day1"/>
  <testcase name="login" time="0.137" classname="workM.workTest.day1"/>
  <testcase name="login" time="0.122" classname="workM.workTest.day1"/>
  <testcase name="login" time="0.125" classname="workM.workTest.day1"/>
</testsuite> <!-- workM.workTest.day1 -->
