<?xml version="1.0" encoding="UTF-8"?>
<!-- Generated by org.testng.reporters.JUnitReportReporter -->
<testsuite hostname="Anshul-PC" name="workM.workTest.day1" tests="13" failures="0" timestamp="13 Sep 2018 07:37:46 GMT" time="4.180" errors="0">
  <testcase name="login" time="0.130" classname="workM.workTest.day1"/>
  <testcase name="login" time="0.124" classname="workM.workTest.day1"/>
  <testcase name="login" time="0.119" classname="workM.workTest.day1"/>
  <testcase name="login" time="2.599" classname="workM.workTest.day1"/>
  <testcase name="login" time="0.141" classname="workM.workTest.day1"/>
  <testcase name="login" time="0.128" classname="workM.workTest.day1"/>
  <testcase name="login" time="0.124" classname="workM.workTest.day1"/>
  <testcase name="login" time="0.143" classname="workM.workTest.day1"/>
  <testcase name="login" time="0.139" classname="workM.workTest.day1"/>
  <testcase name="login" time="0.128" classname="workM.workTest.day1"/>
  <testcase name="login" time="0.126" classname="workM.workTest.day1"/>
  <testcase name="login" time="0.143" classname="workM.workTest.day1"/>
  <testcase name="login" time="0.136" classname="workM.workTest.day1"/>
</testsuite> <!-- workM.workTest.day1 -->
